<?xml version="1.0" encoding="UTF-8"?>
<testng-results skipped="0" failed="0" ignored="0" total="1" passed="1">
  <reporter-output>
  </reporter-output>
  <suite name="Default suite" duration-ms="9688" started-at="2021-03-31T13:30:17 IST" finished-at="2021-03-31T13:30:26 IST">
    <groups>
    </groups>
    <test name="Default test" duration-ms="9688" started-at="2021-03-31T13:30:17 IST" finished-at="2021-03-31T13:30:26 IST">
      <class name="MavenSetup.flash.elements">
        <test-method status="PASS" signature="test()[pri:0, instance:MavenSetup.flash.elements@131276c2]" name="test" duration-ms="9611" started-at="2021-03-31T13:30:17 IST" finished-at="2021-03-31T13:30:26 IST">
          <reporter-output>
          </reporter-output>
        </test-method> <!-- test -->
      </class> <!-- MavenSetup.flash.elements -->
    </test> <!-- Default test -->
  </suite> <!-- Default suite -->
</testng-results>
